  [1m[35m (7.0ms)[0m  [1m[35mCREATE TABLE "schema_migrations" ("version" character varying NOT NULL PRIMARY KEY)[0m
  [1m[35m (21.8ms)[0m  [1m[35mCREATE TABLE "ar_internal_metadata" ("key" character varying NOT NULL PRIMARY KEY, "value" character varying, "created_at" timestamp NOT NULL, "updated_at" timestamp NOT NULL)[0m
  [1m[35m (0.3ms)[0m  [1m[34mSELECT pg_try_advisory_lock(8301661139271469620);[0m
  [1m[35m (0.4ms)[0m  [1m[34mSELECT "schema_migrations"."version" FROM "schema_migrations" ORDER BY "schema_migrations"."version" ASC[0m
Migrating to CreateOrders (20170518164407)
  [1m[35m (0.2ms)[0m  [1m[35mBEGIN[0m
  [1m[35m (16.3ms)[0m  [1m[35mCREATE TABLE "orders" ("id" bigserial primary key, "name" character varying, "items" character varying, "comments" character varying, "created_at" timestamp NOT NULL, "updated_at" timestamp NOT NULL)[0m
  [1m[35mSQL (0.4ms)[0m  [1m[32mINSERT INTO "schema_migrations" ("version") VALUES ($1) RETURNING "version"[0m  [["version", "20170518164407"]]
  [1m[35m (0.4ms)[0m  [1m[35mCOMMIT[0m
  [1m[36mActiveRecord::InternalMetadata Load (0.3ms)[0m  [1m[34mSELECT  "ar_internal_metadata".* FROM "ar_internal_metadata" WHERE "ar_internal_metadata"."key" = $1 LIMIT $2[0m  [["key", "environment"], ["LIMIT", 1]]
  [1m[35m (0.1ms)[0m  [1m[35mBEGIN[0m
  [1m[35mSQL (0.3ms)[0m  [1m[32mINSERT INTO "ar_internal_metadata" ("key", "value", "created_at", "updated_at") VALUES ($1, $2, $3, $4) RETURNING "key"[0m  [["key", "environment"], ["value", "development"], ["created_at", "2017-05-18 16:44:54.329986"], ["updated_at", "2017-05-18 16:44:54.329986"]]
  [1m[35m (0.3ms)[0m  [1m[35mCOMMIT[0m
  [1m[35m (0.2ms)[0m  [1m[34mSELECT pg_advisory_unlock(8301661139271469620)[0m
  [1m[35m (0.4ms)[0m  [1m[34mSELECT "schema_migrations"."version" FROM "schema_migrations" ORDER BY "schema_migrations"."version" ASC[0m
Started GET "/orders" for 127.0.0.1 at 2017-05-18 12:45:15 -0400
  [1m[35m (0.7ms)[0m  [1m[34mSELECT "schema_migrations"."version" FROM "schema_migrations" ORDER BY "schema_migrations"."version" ASC[0m
Processing by OrdersController#index as HTML
  Rendering orders/index.html.erb within layouts/application
  [1m[36mOrder Load (1.1ms)[0m  [1m[34mSELECT "orders".* FROM "orders"[0m
  Rendered orders/index.html.erb within layouts/application (7.7ms)
Completed 200 OK in 565ms (Views: 548.4ms | ActiveRecord: 3.0ms)


Started GET "/orders/new" for 127.0.0.1 at 2017-05-18 12:45:18 -0400
Processing by OrdersController#new as HTML
  Rendering orders/new.html.erb within layouts/application
  Rendered orders/_form.html.erb (43.2ms) [cache miss]
  Rendered orders/new.html.erb within layouts/application (45.8ms)
Completed 200 OK in 103ms (Views: 77.8ms | ActiveRecord: 2.5ms)


Started GET "/orders" for 127.0.0.1 at 2017-05-18 12:45:19 -0400
Processing by OrdersController#index as HTML
  Rendering orders/index.html.erb within layouts/application
  [1m[36mOrder Load (0.2ms)[0m  [1m[34mSELECT "orders".* FROM "orders"[0m
  Rendered orders/index.html.erb within layouts/application (2.8ms)
Completed 200 OK in 28ms (Views: 25.4ms | ActiveRecord: 0.2ms)


Started GET "/" for 127.0.0.1 at 2017-05-18 13:06:20 -0400
  [1m[35m (0.5ms)[0m  [1m[34mSELECT "schema_migrations"."version" FROM "schema_migrations" ORDER BY "schema_migrations"."version" ASC[0m
Processing by OrdersController#index as HTML
  Rendering orders/index.html.erb within layouts/application
  [1m[36mOrder Load (0.4ms)[0m  [1m[34mSELECT "orders".* FROM "orders"[0m
  Rendered orders/index.html.erb within layouts/application (4.7ms)
Completed 200 OK in 251ms (Views: 238.2ms | ActiveRecord: 1.7ms)


Started GET "/artists" for 127.0.0.1 at 2017-05-18 13:10:05 -0400
  
ActionController::RoutingError (No route matches [GET] "/artists"):
  
actionpack (5.1.1) lib/action_dispatch/middleware/debug_exceptions.rb:63:in `call'
web-console (3.5.1) lib/web_console/middleware.rb:135:in `call_app'
web-console (3.5.1) lib/web_console/middleware.rb:28:in `block in call'
web-console (3.5.1) lib/web_console/middleware.rb:18:in `catch'
web-console (3.5.1) lib/web_console/middleware.rb:18:in `call'
actionpack (5.1.1) lib/action_dispatch/middleware/show_exceptions.rb:31:in `call'
railties (5.1.1) lib/rails/rack/logger.rb:36:in `call_app'
railties (5.1.1) lib/rails/rack/logger.rb:24:in `block in call'
activesupport (5.1.1) lib/active_support/tagged_logging.rb:69:in `block in tagged'
activesupport (5.1.1) lib/active_support/tagged_logging.rb:26:in `tagged'
activesupport (5.1.1) lib/active_support/tagged_logging.rb:69:in `tagged'
railties (5.1.1) lib/rails/rack/logger.rb:24:in `call'
sprockets-rails (3.2.0) lib/sprockets/rails/quiet_assets.rb:13:in `call'
actionpack (5.1.1) lib/action_dispatch/middleware/remote_ip.rb:79:in `call'
actionpack (5.1.1) lib/action_dispatch/middleware/request_id.rb:25:in `call'
rack (2.0.3) lib/rack/method_override.rb:22:in `call'
rack (2.0.3) lib/rack/runtime.rb:22:in `call'
activesupport (5.1.1) lib/active_support/cache/strategy/local_cache_middleware.rb:27:in `call'
actionpack (5.1.1) lib/action_dispatch/middleware/executor.rb:12:in `call'
actionpack (5.1.1) lib/action_dispatch/middleware/static.rb:125:in `call'
rack (2.0.3) lib/rack/sendfile.rb:111:in `call'
railties (5.1.1) lib/rails/engine.rb:522:in `call'
puma (3.8.2) lib/puma/configuration.rb:224:in `call'
puma (3.8.2) lib/puma/server.rb:600:in `handle_request'
puma (3.8.2) lib/puma/server.rb:435:in `process_client'
puma (3.8.2) lib/puma/server.rb:299:in `block in run'
puma (3.8.2) lib/puma/thread_pool.rb:120:in `block in spawn_thread'
Started GET "/" for 127.0.0.1 at 2017-05-18 13:10:07 -0400
Processing by OrdersController#index as HTML
  Rendering orders/index.html.erb within layouts/application
  [1m[36mOrder Load (0.9ms)[0m  [1m[34mSELECT "orders".* FROM "orders"[0m
  Rendered orders/index.html.erb within layouts/application (14.1ms)
Completed 200 OK in 28ms (Views: 20.5ms | ActiveRecord: 6.0ms)


Started GET "/orders" for 127.0.0.1 at 2017-05-18 13:13:42 -0400
Processing by OrdersController#index as HTML
  Rendering orders/index.html.erb within layouts/application
  [1m[36mOrder Load (0.3ms)[0m  [1m[34mSELECT "orders".* FROM "orders"[0m
  Rendered orders/index.html.erb within layouts/application (1.5ms)
Completed 200 OK in 23ms (Views: 20.1ms | ActiveRecord: 0.3ms)


Started GET "/orders1" for 127.0.0.1 at 2017-05-18 13:13:45 -0400
  
ActionController::RoutingError (No route matches [GET] "/orders1"):
  
actionpack (5.1.1) lib/action_dispatch/middleware/debug_exceptions.rb:63:in `call'
web-console (3.5.1) lib/web_console/middleware.rb:135:in `call_app'
web-console (3.5.1) lib/web_console/middleware.rb:28:in `block in call'
web-console (3.5.1) lib/web_console/middleware.rb:18:in `catch'
web-console (3.5.1) lib/web_console/middleware.rb:18:in `call'
actionpack (5.1.1) lib/action_dispatch/middleware/show_exceptions.rb:31:in `call'
railties (5.1.1) lib/rails/rack/logger.rb:36:in `call_app'
railties (5.1.1) lib/rails/rack/logger.rb:24:in `block in call'
activesupport (5.1.1) lib/active_support/tagged_logging.rb:69:in `block in tagged'
activesupport (5.1.1) lib/active_support/tagged_logging.rb:26:in `tagged'
activesupport (5.1.1) lib/active_support/tagged_logging.rb:69:in `tagged'
railties (5.1.1) lib/rails/rack/logger.rb:24:in `call'
sprockets-rails (3.2.0) lib/sprockets/rails/quiet_assets.rb:13:in `call'
actionpack (5.1.1) lib/action_dispatch/middleware/remote_ip.rb:79:in `call'
actionpack (5.1.1) lib/action_dispatch/middleware/request_id.rb:25:in `call'
rack (2.0.3) lib/rack/method_override.rb:22:in `call'
rack (2.0.3) lib/rack/runtime.rb:22:in `call'
activesupport (5.1.1) lib/active_support/cache/strategy/local_cache_middleware.rb:27:in `call'
actionpack (5.1.1) lib/action_dispatch/middleware/executor.rb:12:in `call'
actionpack (5.1.1) lib/action_dispatch/middleware/static.rb:125:in `call'
rack (2.0.3) lib/rack/sendfile.rb:111:in `call'
railties (5.1.1) lib/rails/engine.rb:522:in `call'
puma (3.8.2) lib/puma/configuration.rb:224:in `call'
puma (3.8.2) lib/puma/server.rb:600:in `handle_request'
puma (3.8.2) lib/puma/server.rb:435:in `process_client'
puma (3.8.2) lib/puma/server.rb:299:in `block in run'
puma (3.8.2) lib/puma/thread_pool.rb:120:in `block in spawn_thread'
Started GET "/orders" for 127.0.0.1 at 2017-05-18 13:13:47 -0400
Processing by OrdersController#index as HTML
  Rendering orders/index.html.erb within layouts/application
  [1m[36mOrder Load (0.2ms)[0m  [1m[34mSELECT "orders".* FROM "orders"[0m
  Rendered orders/index.html.erb within layouts/application (1.6ms)
Completed 200 OK in 20ms (Views: 18.1ms | ActiveRecord: 0.2ms)


Started GET "/orders" for 127.0.0.1 at 2017-05-18 13:14:25 -0400
Processing by OrdersController#index as HTML
  Rendering orders/index.html.erb within layouts/application
  [1m[36mOrder Load (0.2ms)[0m  [1m[34mSELECT "orders".* FROM "orders"[0m
  Rendered orders/index.html.erb within layouts/application (3.1ms)
Completed 200 OK in 22ms (Views: 16.6ms | ActiveRecord: 1.4ms)


Started GET "/" for 127.0.0.1 at 2017-05-18 13:14:28 -0400
Processing by OrdersController#index as HTML
  Rendering orders/index.html.erb within layouts/application
  [1m[36mOrder Load (0.2ms)[0m  [1m[34mSELECT "orders".* FROM "orders"[0m
  Rendered orders/index.html.erb within layouts/application (1.7ms)
Completed 200 OK in 18ms (Views: 14.9ms | ActiveRecord: 0.2ms)


Started GET "/" for 127.0.0.1 at 2017-05-18 13:52:22 -0400
Processing by OrdersController#index as HTML
  Rendering orders/index.html.erb within layouts/application
  [1m[36mOrder Load (1.0ms)[0m  [1m[34mSELECT "orders".* FROM "orders"[0m
  Rendered orders/index.html.erb within layouts/application (13.2ms)
Completed 200 OK in 65ms (Views: 52.3ms | ActiveRecord: 1.0ms)


Started GET "/orders" for 127.0.0.1 at 2017-05-18 14:15:14 -0400
Processing by OrdersController#index as HTML
  Rendering orders/index.html.erb within layouts/application
  [1m[36mOrder Load (0.3ms)[0m  [1m[34mSELECT "orders".* FROM "orders"[0m
  Rendered orders/index.html.erb within layouts/application (3.2ms)
Completed 200 OK in 40ms (Views: 38.6ms | ActiveRecord: 0.3ms)


Started GET "/" for 127.0.0.1 at 2017-05-18 16:50:36 -0400
Processing by OrdersController#index as HTML
  Rendering orders/index.html.erb within layouts/application
  [1m[36mOrder Load (7.1ms)[0m  [1m[34mSELECT "orders".* FROM "orders"[0m
  Rendered orders/index.html.erb within layouts/application (17.7ms)
Completed 200 OK in 98ms (Views: 86.4ms | ActiveRecord: 7.1ms)


  
ActionController::RoutingError (No route matches [GET] "/assets/noodles.jpg"):
  
actionpack (5.1.1) lib/action_dispatch/middleware/debug_exceptions.rb:63:in `call'
web-console (3.5.1) lib/web_console/middleware.rb:135:in `call_app'
web-console (3.5.1) lib/web_console/middleware.rb:28:in `block in call'
web-console (3.5.1) lib/web_console/middleware.rb:18:in `catch'
web-console (3.5.1) lib/web_console/middleware.rb:18:in `call'
actionpack (5.1.1) lib/action_dispatch/middleware/show_exceptions.rb:31:in `call'
railties (5.1.1) lib/rails/rack/logger.rb:36:in `call_app'
railties (5.1.1) lib/rails/rack/logger.rb:24:in `block in call'
activesupport (5.1.1) lib/active_support/tagged_logging.rb:69:in `block in tagged'
activesupport (5.1.1) lib/active_support/tagged_logging.rb:26:in `tagged'
activesupport (5.1.1) lib/active_support/tagged_logging.rb:69:in `tagged'
railties (5.1.1) lib/rails/rack/logger.rb:24:in `call'
sprockets-rails (3.2.0) lib/sprockets/rails/quiet_assets.rb:11:in `block in call'
activesupport (5.1.1) lib/active_support/logger_silence.rb:20:in `silence'
activesupport (5.1.1) lib/active_support/logger.rb:63:in `block (3 levels) in broadcast'
activesupport (5.1.1) lib/active_support/logger_silence.rb:20:in `silence'
activesupport (5.1.1) lib/active_support/logger.rb:61:in `block (2 levels) in broadcast'
sprockets-rails (3.2.0) lib/sprockets/rails/quiet_assets.rb:11:in `call'
actionpack (5.1.1) lib/action_dispatch/middleware/remote_ip.rb:79:in `call'
actionpack (5.1.1) lib/action_dispatch/middleware/request_id.rb:25:in `call'
rack (2.0.3) lib/rack/method_override.rb:22:in `call'
rack (2.0.3) lib/rack/runtime.rb:22:in `call'
activesupport (5.1.1) lib/active_support/cache/strategy/local_cache_middleware.rb:27:in `call'
actionpack (5.1.1) lib/action_dispatch/middleware/executor.rb:12:in `call'
actionpack (5.1.1) lib/action_dispatch/middleware/static.rb:125:in `call'
rack (2.0.3) lib/rack/sendfile.rb:111:in `call'
railties (5.1.1) lib/rails/engine.rb:522:in `call'
puma (3.8.2) lib/puma/configuration.rb:224:in `call'
puma (3.8.2) lib/puma/server.rb:600:in `handle_request'
puma (3.8.2) lib/puma/server.rb:435:in `process_client'
puma (3.8.2) lib/puma/server.rb:299:in `block in run'
puma (3.8.2) lib/puma/thread_pool.rb:120:in `block in spawn_thread'
